Build started 10/3/2011 1:06:11 AM.
     1>Project "C:\Code\Astraeus\point_five\gamelib\gamelib.vcxproj" on node 2 (rebuild target(s)).
     1>_PrepareForClean:
         Deleting file "Debug\gamelib.lastbuildstate".
     1>C:\Program Files (x86)\MSBuild\Microsoft.Cpp\v4.0\Microsoft.CppBuild.targets(299,5): warning MSB8004: Output Directory does not end with a trailing slash.  This build instance will add the slash as it is required to allow proper evaluation of the Output Directory.
       InitializeBuildStatus:
         Creating "Debug\gamelib.unsuccessfulbuild" because "AlwaysCreate" was specified.
       ClCompile:
         c:\Program Files (x86)\Microsoft Visual Studio 10.0\VC\bin\CL.exe /c /ZI /nologo /W3 /WX- /Od /Oy- /D _MBCS /Gm /EHsc /RTC1 /MTd /GS /fp:precise /Zc:wchar_t /Zc:forScope /Fo"Debug\\" /Fd"Debug\vc100.pdb" /Gd /TP /analyze- /errorReport:prompt kinematics.cpp
         kinematics.cpp
     1>c:\code\astraeus\point_five\gamelib\kinematics.cpp(8): warning C4244: 'initializing' : conversion from 'double' to 'float', possible loss of data
       Lib:
         c:\Program Files (x86)\Microsoft Visual Studio 10.0\VC\bin\Lib.exe /OUT:".\Debug\gamelib.lib" /NOLOGO Debug\kinematics.obj
         gamelib.vcxproj -> C:\Code\Astraeus\point_five\gamelib\.\Debug\gamelib.lib
       FinalizeBuildStatus:
         Deleting file "Debug\gamelib.unsuccessfulbuild".
         Touching "Debug\gamelib.lastbuildstate".
     1>Done Building Project "C:\Code\Astraeus\point_five\gamelib\gamelib.vcxproj" (rebuild target(s)).

Build succeeded.

Time Elapsed 00:00:01.00
